<?xml version="1.0" encoding="UTF-8" ?>
<testsuite tests="7" failures="0" name="com.book.dao.impl.BookDaoImplTest" time="0.963" errors="0" skipped="0">
  <properties>
[...]
</properties>
  <testcase classname="com.book.dao.impl.BookDaoImplTest" name="queryForPageItems" time="0.889"/>
  <testcase classname="com.book.dao.impl.BookDaoImplTest" name="addBook" time="0.003"/>
  <testcase classname="com.book.dao.impl.BookDaoImplTest" name="queryBookById" time="0.003"/>
  <testcase classname="com.book.dao.impl.BookDaoImplTest" name="updateBook" time="0.002"/>
  <testcase classname="com.book.dao.impl.BookDaoImplTest" name="queryBooks" time="0.008"/>
  <testcase classname="com.book.dao.impl.BookDaoImplTest" name="queryForPageTotalCount" time="0.029"/>
  <testcase classname="com.book.dao.impl.BookDaoImplTest" name="deleteBookById" time="0.029"/>
</testsuite>